# JRE version: OpenJDK Runtime Environment (17.0.9) (build 17.0.9+0--11185874)
# Java VM: OpenJDK 64-Bit Server VM (17.0.9+0--11185874, mixed mode, tiered, compressed oops, compressed class ptrs, g1 gc, windows-amd64)
GC Precious Log:
 CPUs: 4 total, 4 available
 Memory: 8084M
 Large Page Support: Disabled
 NUMA Support: Disabled
 Compressed Oops: Enabled (32-bit)
 Heap Region Size: 1M
 Heap Min Capacity: 8M
 Heap Initial Capacity: 128M
 Heap Max Capacity: 2G
 Pre-touch: Disabled
 Parallel Workers: 4
 Concurrent Workers: 1
 Concurrent Refinement Workers: 4
 Periodic GC: Disabled
Heap:
 garbage-first heap   total 186368K, used 172630K [0x0000000080000000, 0x0000000100000000)
  region size 1024K, 2 young (2048K), 1 survivors (1024K)
 Metaspace       used 104415K, committed 105152K, reserved 1179648K
  class space    used 14064K, committed 14400K, reserved 1048576K
GC Heap History (20 events):
Event: 454.462 GC heap before
{Heap before GC invocations=88 (full 0):
 garbage-first heap   total 186368K, used 146880K [0x0000000080000000, 0x0000000100000000)
  region size 1024K, 21 young (21504K), 4 survivors (4096K)
 Metaspace       used 101047K, committed 101824K, reserved 1179648K
  class space    used 13704K, committed 14080K, reserved 1048576K
}
Event: 454.480 GC heap after
{Heap after GC invocations=89 (full 0):
 garbage-first heap   total 186368K, used 137728K [0x0000000080000000, 0x0000000100000000)
  region size 1024K, 3 young (3072K), 3 survivors (3072K)
 Metaspace       used 101047K, committed 101824K, reserved 1179648K
  class space    used 13704K, committed 14080K, reserved 1048576K
}
Event: 457.450 GC heap before
{Heap before GC invocations=89 (full 0):
 garbage-first heap   total 186368K, used 150016K [0x0000000080000000, 0x0000000100000000)
  region size 1024K, 15 young (15360K), 3 survivors (3072K)
 Metaspace       used 101266K, committed 102016K, reserved 1179648K
  class space    used 13732K, committed 14080K, reserved 1048576K
}
Event: 457.457 GC heap after
{Heap after GC invocations=90 (full 0):
 garbage-first heap   total 186368K, used 140028K [0x0000000080000000, 0x0000000100000000)
  region size 1024K, 2 young (2048K), 2 survivors (2048K)
 Metaspace       used 101266K, committed 102016K, reserved 1179648K
  class space    used 13732K, committed 14080K, reserved 1048576K
}
Event: 458.755 GC heap before
{Heap before GC invocations=90 (full 0):
 garbage-first heap   total 186368K, used 160508K [0x0000000080000000, 0x0000000100000000)
  region size 1024K, 15 young (15360K), 2 survivors (2048K)
 Metaspace       used 101537K, committed 102272K, reserved 1179648K
  class space    used 13753K, committed 14080K, reserved 1048576K
}
Event: 458.765 GC heap after
{Heap after GC invocations=91 (full 0):
 garbage-first heap   total 186368K, used 141331K [0x0000000080000000, 0x0000000100000000)
  region size 1024K, 2 young (2048K), 2 survivors (2048K)
 Metaspace       used 101537K, committed 102272K, reserved 1179648K
  class space    used 13753K, committed 14080K, reserved 1048576K
}
Event: 459.934 GC heap before
{Heap before GC invocations=91 (full 0):
 garbage-first heap   total 186368K, used 154643K [0x0000000080000000, 0x0000000100000000)
  region size 1024K, 15 young (15360K), 2 survivors (2048K)
 Metaspace       used 101600K, committed 102336K, reserved 1179648K
  class space    used 13753K, committed 14080K, reserved 1048576K
}
Event: 459.949 GC heap after
{Heap after GC invocations=92 (full 0):
 garbage-first heap   total 186368K, used 143349K [0x0000000080000000, 0x0000000100000000)
  region size 1024K, 2 young (2048K), 2 survivors (2048K)
 Metaspace       used 101600K, committed 102336K, reserved 1179648K
  class space    used 13753K, committed 14080K, reserved 1048576K
}
Event: 461.196 GC heap before
{Heap before GC invocations=92 (full 0):
 garbage-first heap   total 186368K, used 155637K [0x0000000080000000, 0x0000000100000000)
  region size 1024K, 15 young (15360K), 2 survivors (2048K)
 Metaspace       used 102910K, committed 103680K, reserved 1179648K
  class space    used 13933K, committed 14272K, reserved 1048576K
}
Event: 461.209 GC heap after
{Heap after GC invocations=93 (full 0):
 garbage-first heap   total 186368K, used 145129K [0x0000000080000000, 0x0000000100000000)
  region size 1024K, 2 young (2048K), 2 survivors (2048K)
 Metaspace       used 102910K, committed 103680K, reserved 1179648K
  class space    used 13933K, committed 14272K, reserved 1048576K
}
Event: 461.835 GC heap before
{Heap before GC invocations=93 (full 0):
 garbage-first heap   total 186368K, used 157417K [0x0000000080000000, 0x0000000100000000)
  region size 1024K, 14 young (14336K), 2 survivors (2048K)
 Metaspace       used 104091K, committed 104832K, reserved 1179648K
  class space    used 14044K, committed 14400K, reserved 1048576K
}
Event: 461.844 GC heap after
{Heap after GC invocations=94 (full 0):
 garbage-first heap   total 186368K, used 145737K [0x0000000080000000, 0x0000000100000000)
  region size 1024K, 1 young (1024K), 1 survivors (1024K)
 Metaspace       used 104091K, committed 104832K, reserved 1179648K
  class space    used 14044K, committed 14400K, reserved 1048576K
}
Event: 462.885 GC heap before
{Heap before GC invocations=94 (full 0):
 garbage-first heap   total 186368K, used 158025K [0x0000000080000000, 0x0000000100000000)
  region size 1024K, 14 young (14336K), 1 survivors (1024K)
 Metaspace       used 104228K, committed 104960K, reserved 1179648K
  class space    used 14048K, committed 14400K, reserved 1048576K
}
Event: 462.887 GC heap after
{Heap after GC invocations=95 (full 0):
 garbage-first heap   total 186368K, used 145939K [0x0000000080000000, 0x0000000100000000)
  region size 1024K, 1 young (1024K), 1 survivors (1024K)
 Metaspace       used 104228K, committed 104960K, reserved 1179648K
  class space    used 14048K, committed 14400K, reserved 1048576K
}
Event: 465.853 GC heap before
{Heap before GC invocations=95 (full 0):
 garbage-first heap   total 186368K, used 159251K [0x0000000080000000, 0x0000000100000000)
  region size 1024K, 15 young (15360K), 1 survivors (1024K)
 Metaspace       used 104415K, committed 105152K, reserved 1179648K
  class space    used 14064K, committed 14400K, reserved 1048576K
}
Event: 465.867 GC heap after
{Heap after GC invocations=96 (full 0):
 garbage-first heap   total 186368K, used 151722K [0x0000000080000000, 0x0000000100000000)
  region size 1024K, 2 young (2048K), 2 survivors (2048K)
 Metaspace       used 104415K, committed 105152K, reserved 1179648K
  class space    used 14064K, committed 14400K, reserved 1048576K
}
Event: 466.030 GC heap before
{Heap before GC invocations=96 (full 0):
 garbage-first heap   total 186368K, used 154794K [0x0000000080000000, 0x0000000100000000)
  region size 1024K, 4 young (4096K), 2 survivors (2048K)
 Metaspace       used 104415K, committed 105152K, reserved 1179648K
  class space    used 14064K, committed 14400K, reserved 1048576K
}
Event: 466.037 GC heap after
{Heap after GC invocations=97 (full 0):
 garbage-first heap   total 186368K, used 154440K [0x0000000080000000, 0x0000000100000000)
  region size 1024K, 1 young (1024K), 1 survivors (1024K)
 Metaspace       used 104415K, committed 105152K, reserved 1179648K
  class space    used 14064K, committed 14400K, reserved 1048576K
}
Event: 466.198 GC heap before
{Heap before GC invocations=97 (full 0):
 garbage-first heap   total 186368K, used 159560K [0x0000000080000000, 0x0000000100000000)
  region size 1024K, 3 young (3072K), 1 survivors (1024K)
 Metaspace       used 104415K, committed 105152K, reserved 1179648K
  class space    used 14064K, committed 14400K, reserved 1048576K
}
Event: 466.200 GC heap after
{Heap after GC invocations=98 (full 0):
 garbage-first heap   total 186368K, used 156246K [0x0000000080000000, 0x0000000100000000)
  region size 1024K, 1 young (1024K), 1 survivors (1024K)
 Metaspace       used 104415K, committed 105152K, reserved 1179648K
  class space    used 14064K, committed 14400K, reserved 1048576K
}

